<?xml version="1.0" encoding="UTF-8"?>
<coverage generated="1679218350343" clover="3.2.0">
  <project timestamp="1679218350343" name="All files">
    <metrics statements="1" coveredstatements="1" conditionals="0" coveredconditionals="0" methods="1" coveredmethods="1" elements="2" coveredelements="2" complexity="0" loc="1" ncloc="1" packages="1" files="1" classes="1"/>
    <file name="add.ts" path="C:\RSSchool\3_react\01_week\react_03_23\src\components\card-list\__tests__\add.ts">
      <metrics statements="1" coveredstatements="1" conditionals="0" coveredconditionals="0" methods="1" coveredmethods="1"/>
      <line num="1" count="2" type="stmt"/>
    </file>
  </project>
</coverage>
